This is XeTeX, Version 3.1415926-2.5-0.9999.3 (TeX Live 2013/TeX Live for SUSE Linux) (format=xelatex 2014.3.28)  8 APR 2014 11:25
entering extended mode
 restricted \write18 enabled.
 %&-line parsing enabled.
**erp_da_plots.tex
(./erp_da_plots.tex
LaTeX2e <2011/06/27>
Babel <3.9f> and hyphenation patterns for 78 languages loaded.
(./agutex.cls


 AGUTeX Journal Style, American Geophysical Union 
 This version is dated Feb 9, 2008


Document Class: agutex 02/09/2008
\c@chapter=\count80
\c@section=\count81
\c@subsection=\count82
\c@subsubsection=\count83
\c@figure=\count84
\c@table=\count85
\mathindent=\dimen102
\abovefigcaptionskip=\skip41
\abovetabcaptionskip=\skip42
\abovetableskip=\skip43
\belowtabcaptionskip=\dimen103
\landscapebox=\box26
\c@plate=\count86
\savecurrtable=\box27
\abovetabularskip=\skip44
\belowtabularskip=\skip45
\timing=\count87
\hourcount=\count88
\oldtime=\count89
\totpages=\count90
\belowtitleskip=\dimen104
\abovesubtitleskip=\dimen105
\belowsubtitleskip=\dimen106
\aboveauthorskip=\dimen107
\belowauthorskip=\dimen108
\thanksnum=\count91
\dothanks=\count92
\thankscounter=\count93
\titlethanksnum=\count94
\dotitlethanks=\count95
\titlethankscounter=\count96
\thanksnum=\count97
\dothanks=\count98
\thankscounter=\count99
\authorwidth=\dimen109
\authorbaselineskip=\dimen110
\aboveaffilskip=\dimen111
\belowaffilskip=\dimen112
\affilwidth=\dimen113
\aboveabstractskip=\dimen114
\belowabstractskip=\dimen115
\belowabstractnameskip=\dimen116
\abstractmargin=\dimen117
\abovereceivedskip=\skip46
\aboverevisedskip=\skip47
\aboveacceptedskip=\skip48
\abovepublishededskip=\skip49
\barticle=\box28
\thanksbox=\box29
\titlethanksbox=\box30
\c@appendnum=\count100
\footnum=\count101
\savefootnum=\count102
\ackskip=\skip50
\saveparskip=\dimen118
\captionskip=\dimen119
\PushOneColTopFig=\dimen120
\PushOneColBotFig=\dimen121
\PushOneColTopTab=\dimen122
\PushOneColBotTab=\dimen123
\PushTwoColTopFig=\dimen124
\PushTwoColBotFig=\dimen125
\PushTwoColTopTab=\dimen126
\PushTwoColBotTab=\dimen127
\intextfloatskip=\skip51
\c@appfigure=\count103
\c@apptable=\count104
\c@appplate=\count105
\checkforspace=\dimen128
\savetopinsert=\box31
\savebotinsert=\box32
\secondsavetopinsert=\box33
\secondsavebotinsert=\box34
\firstcolbox=\box35
\secondcolbox=\box36
\thefirstbox=\box37
\thesecondbox=\box38
\firstcol=\dimen129
\secondcol=\dimen130
\checkheight=\dimen131
\loopnum=\count106
\firstcolsavefignum=\count107
\footnotebox=\box39
\ColUsed=\dimen132
\FigSpace=\dimen133
\testdblbotins=\box40
\pageloopnum=\count108
\endcolsavetopinsert=\box41
\endcolsavebotinsert=\box42
\testpagesize=\box43
\savelastskip=\dimen134
\partialpage=\box44
\figandtabnumber=\count109
\figandtabbox=\box45
\pagefloatnumber=\count110
\sizeoffloat=\box46
\bogus=\count111
\figinsert=\insert233
\herebox=\box47
\endfigbox=\box48
\spanbox=\box49
\dbltopins=\box50
\dblbotins=\box51
\dblbotskip=\skip52
\dblfigandtabnumber=\count112
\dblfigandtabbox=\box52
\dblloopnum=\count113
\savedblfigandtabnumber=\count114
\dblspanherebox=\box53
\bigpagenum=\count115
\littlepagenum=\count116
\wholepagenum=\count117
\@cprtype=\count118
\@slugcmmntwidth=\dimen135
\affilnum=\count119
\totalaffils=\count120
\figcount=\count121
\saveequation=\count122
\c@currlett=\count123
\notationwidth=\dimen136
\betweennotationskip=\skip53
\WidestEntry=\dimen137
\premulticols=\dimen138
\page@free=\dimen139
\partial@page=\box54
\multicoltolerance=\count124
\doublecol@number=\count125
\multicolbaselineskip=\skip54
\c@collectmore=\count126
\loopcount=\count127
\fixdimen=\dimen140
\c@unbalance=\count128
\savedimen=\dimen141
\savehsize=\dimen142
\mycolumnwidth=\dimen143
\saveparindent=\dimen144
\saveparskip=\dimen145
\abstractwidth=\dimen146
\currlastnumber=\count129
\altaffilbox=\box55
\sectskip=\skip55
\belowsectionskip=\skip56
\subsectskip=\skip57
\belowsubsectskip=\skip58
\subsubsectskip=\skip59
\belowsubsubsectskip=\skip60
\c@subsubsubsection=\count130
\captionwidth=\dimen147
\widecaptionwidth=\dimen148
\landscapecaptionwidth=\dimen149
\@temptokenb=\toks14
\beforeendskip=\skip61


 JGRGA style option, October 1, 2001,
 \documentclass[jgrga]{AGUTeX}
 ``Journal of Geophysical Research'', 
 Published by American Geophysical Union


\titlesize=\dimen150
LaTeX Info: Redefining \cite on input line 7471.
\c@NAT@ctr=\count131
) (./lineno.sty
Package: lineno 2005/11/02 line numbers on paragraphs v4.41
Invalid UTF-8 byte or sequence at line 296 replaced by U+FFFD.
\linenopenalty=\count132
\output=\toks15
\linenoprevgraf=\count133
\linenumbersep=\dimen151
\linenumberwidth=\dimen152
\c@linenumber=\count134
\c@pagewiselinenumber=\count135
\c@LN@truepage=\count136
\c@internallinenumber=\count137
\c@internallinenumbers=\count138
\quotelinenumbersep=\dimen153
\bframerule=\dimen154
\bframesep=\dimen155
\bframebox=\box56
LaTeX Info: Redefining \\ on input line 3056.
) (/usr/share/texmf/tex/latex/graphics/graphicx.sty
Package: graphicx 1999/02/16 v1.0f Enhanced LaTeX Graphics (DPC,SPQR)

(/usr/share/texmf/tex/latex/graphics/keyval.sty
Package: keyval 1999/03/16 v1.13 key=value parser (DPC)
\KV@toks@=\toks16
)
(/usr/share/texmf/tex/latex/graphics/graphics.sty
Package: graphics 2009/02/05 v1.0o Standard LaTeX Graphics (DPC,SPQR)

(/usr/share/texmf/tex/latex/graphics/trig.sty
Package: trig 1999/03/16 v1.09 sin cos tan (DPC)
)
(/usr/share/texmf/tex/latex/latexconfig/graphics.cfg
File: graphics.cfg 2010/04/23 v1.9 graphics configuration of TeX Live
)
Package graphics Info: Driver file: dvips.def on input line 91.

(/usr/share/texmf/tex/latex/graphics/dvips.def
File: dvips.def 1999/02/16 v3.0i Driver-dependant file (DPC,SPQR)
))
\Gin@req@height=\dimen156
\Gin@req@width=\dimen157
)
(/usr/share/texmf/tex/latex/amsmath/amsmath.sty
Package: amsmath 2013/01/14 v2.14 AMS math features
\@mathmargin=\skip62

For additional information on amsmath, use the `?' option.
(/usr/share/texmf/tex/latex/amsmath/amstext.sty
Package: amstext 2000/06/29 v2.01

(/usr/share/texmf/tex/latex/amsmath/amsgen.sty
File: amsgen.sty 1999/11/30 v2.0
\@emptytoks=\toks17
\ex@=\dimen158
))
(/usr/share/texmf/tex/latex/amsmath/amsbsy.sty
Package: amsbsy 1999/11/29 v1.2d
\pmbraise@=\dimen159
)
(/usr/share/texmf/tex/latex/amsmath/amsopn.sty
Package: amsopn 1999/12/14 v2.01 operator names
)
\inf@bad=\count139
LaTeX Info: Redefining \frac on input line 210.
\uproot@=\count140
\leftroot@=\count141
LaTeX Info: Redefining \overline on input line 306.
\classnum@=\count142
\DOTSCASE@=\count143
LaTeX Info: Redefining \ldots on input line 378.
LaTeX Info: Redefining \dots on input line 381.
LaTeX Info: Redefining \cdots on input line 466.
\Mathstrutbox@=\box57
\strutbox@=\box58
\big@size=\dimen160
LaTeX Font Info:    Redeclaring font encoding OML on input line 566.
LaTeX Font Info:    Redeclaring font encoding OMS on input line 567.
\macc@depth=\count144
\c@MaxMatrixCols=\count145
\dotsspace@=\muskip10
\c@parentequation=\count146
\dspbrk@lvl=\count147
\tag@help=\toks18
\row@=\count148
\column@=\count149
\maxfields@=\count150
\andhelp@=\toks19
\eqnshift@=\dimen161
\alignsep@=\dimen162
\tagshift@=\dimen163
\tagwidth@=\dimen164
\totwidth@=\dimen165
\lineht@=\dimen166
\@envbody=\toks20
\multlinegap=\skip63
\multlinetaggap=\skip64
\mathdisplay@stack=\toks21
LaTeX Info: Redefining \[ on input line 2665.
LaTeX Info: Redefining \] on input line 2666.
)
(/usr/share/texmf/tex/latex/graphics/color.sty
Package: color 2005/11/14 v1.0j Standard LaTeX Color (DPC)

(/usr/share/texmf/tex/latex/latexconfig/color.cfg
File: color.cfg 2007/01/18 v1.5 color configuration of teTeX/TeXLive
)
Package color Info: Driver file: xetex.def on input line 130.

(/usr/share/texmf/tex/xelatex/xetex-def/xetex.def
File: xetex.def 2013/04/29 v0.96 LaTeX color/graphics driver for XeTeX (RRM/JK)

))
(/usr/share/texmf/tex/generic/ulem/ulem.sty
\UL@box=\box59
\UL@hyphenbox=\box60
\UL@skip=\skip65
\UL@hook=\toks22
\UL@height=\dimen167
\UL@pe=\count151
\UL@pixel=\dimen168
\ULC@box=\box61
Package: ulem 2012/05/18
\ULdepth=\dimen169
)
(/usr/share/texmf/tex/latex/url/url.sty
\Urlmuskip=\muskip11
Package: url 2006/04/12  ver 3.3  Verb mode for urls, etc.
)
(/usr/share/texmf/tex/latex/graphics/lscape.sty
Package: lscape 2000/10/22 v3.01 Landscape Pages (DPC)
) (./erp_da_plots.aux)
\openout1 = `erp_da_plots.aux'.

LaTeX Font Info:    Checking defaults for OML/cmm/m/it on input line 127.
LaTeX Font Info:    ... okay on input line 127.
LaTeX Font Info:    Checking defaults for T1/cmr/m/n on input line 127.
LaTeX Font Info:    ... okay on input line 127.
LaTeX Font Info:    Checking defaults for OT1/cmr/m/n on input line 127.
LaTeX Font Info:    ... okay on input line 127.
LaTeX Font Info:    Checking defaults for OMS/cmsy/m/n on input line 127.
LaTeX Font Info:    ... okay on input line 127.
LaTeX Font Info:    Checking defaults for OMX/cmex/m/n on input line 127.
LaTeX Font Info:    ... okay on input line 127.
LaTeX Font Info:    Checking defaults for U/cmr/m/n on input line 127.
LaTeX Font Info:    ... okay on input line 127.
\figandtabbox0=\box62

Overfull \vbox (32.62279pt too high) has occurred while \output is active []


Overfull \vbox (32.62279pt too high) has occurred while \output is active []


[1

]
File: ../../Plots/ERP_DA/radiosonde_locations.eps Graphic file (type eps)
 <../../Plots/ERP_DA/radiosonde_locations.eps>
Underfull \hbox (badness 10000) in paragraph at lines 224--225

 []

File: ../../Plots/ERP_DA/NoDA_error_growthUlev.eps Graphic file (type eps)
<../../Plots/ERP_DA/NoDA_error_growthUlev.eps>
File: ../../Plots/ERP_DA/compare_ERPscompare_constraintsERP_LOD.eps Graphic fil
e (type eps)

<../../Plots/ERP_DA/compare_ERPscompare_constraintsERP_LOD.eps>
Underfull \hbox (badness 10000) in paragraph at lines 238--239

 []

File: ../../Plots/ERP_DA/compare_ERPscompare_constraintsERP_PM1.eps Graphic fil
e (type eps)
<../../Plots/ERP_DA/compare_ERPscompare_constraintsERP_PM1.eps>
File: ../../Plots/ERP_DA/compare_ERPscompare_constraintsERP_PM2.eps Graphic fil
e (type eps)

<../../Plots/ERP_DA/compare_ERPscompare_constraintsERP_PM2.eps>
File: ../../Plots/ERP_DA/error_red_in_space_and_time.eps Graphic file (type eps
)

<../../Plots/ERP_DA/error_red_in_space_and_time.eps>
Underfull \hbox (badness 10000) in paragraph at lines 265--266

 []

File: ../../Plots/ERP_DA/global_ERPDA_rmse.eps Graphic file (type eps)
<../../Plots/ERP_DA/global_ERPDA_rmse.eps>
Underfull \hbox (badness 10000) in paragraph at lines 271--272

 []

File: ../../Plots/ERP_DA/increments_comparison.eps Graphic file (type eps)
<../../Plots/ERP_DA/increments_comparison.eps>
Underfull \hbox (badness 10000) in paragraph at lines 279--280

 []

File: ../../Plots/ERP_DA/ERP_complimentarity3.eps Graphic file (type eps)
<../../Plots/ERP_DA/ERP_complimentarity3.eps>
Underfull \hbox (badness 10000) in paragraph at lines 292--293

 []


LaTeX Warning: Float too large for page by 15.29387pt on input line 295.

[2] [3] [4] [5] [6] [7] [8] (./erp_da_plots.aux) ) 
Here is how much of TeX's memory you used:
 2518 strings out of 493938
 30152 string characters out of 6155882
 102008 words of memory out of 5000000
 5824 multiletter control sequences out of 15000+600000
 13213 words of font info for 47 fonts, out of 8000000 for 9000
 1144 hyphenation exceptions out of 8191
 27i,9n,21p,550b,266s stack positions out of 5000i,500n,10000p,200000b,80000s

Output written on erp_da_plots.pdf (8 pages).
